Using pre-set license
Built from '2020.3/staging' branch; Version is '2020.3.8f1 (507919d4fff5) revision 5273881'; Using compiler version '192528614'; Build Type 'Release'
OS: 'Windows 10 Home; OS build 19042.1052; Version 2009; 64bit' Language: 'en' Physical Memory: 32530 MB
BatchMode: 1, IsHumanControllingUs: 0, StartBugReporterOnCrash: 0, Is64bit: 1, IsPro: 0

 COMMAND LINE ARGUMENTS:
C:\Program Files\Unity\Hub\Editor\2020.3.8f1\Editor\Unity.exe
-adb2
-batchMode
-noUpm
-name
AssetImportWorker0
-projectPath
C:/GitCodeRepos/RPSDeckbuilder
-logFile
Logs/AssetImportWorker0.log
-srvPort
62633
Successfully changed project path to: C:/GitCodeRepos/RPSDeckbuilder
C:/GitCodeRepos/RPSDeckbuilder
Using Asset Import Pipeline V2.
Refreshing native plugins compatible for Editor in 31.53 ms, found 1 plugins.
Preloading 0 native plugins for Editor in 0.00 ms.
Initialize engine version: 2020.3.8f1 (507919d4fff5)
[Subsystems] Discovering subsystems at path C:/Program Files/Unity/Hub/Editor/2020.3.8f1/Editor/Data/Resources/UnitySubsystems
[Subsystems] Discovering subsystems at path C:/GitCodeRepos/RPSDeckbuilder/Assets
GfxDevice: creating device client; threaded=0
Direct3D:
    Version:  Direct3D 11.0 [level 11.1]
    Renderer: NVIDIA GeForce RTX 3080 Laptop GPU (ID=0x24dc)
    Vendor:   
    VRAM:     16201 MB
    Driver:   27.21.14.6627
Initialize mono
Mono path[0] = 'C:/Program Files/Unity/Hub/Editor/2020.3.8f1/Editor/Data/Managed'
Mono path[1] = 'C:/Program Files/Unity/Hub/Editor/2020.3.8f1/Editor/Data/MonoBleedingEdge/lib/mono/unityjit'
Mono config path = 'C:/Program Files/Unity/Hub/Editor/2020.3.8f1/Editor/Data/MonoBleedingEdge/etc'
Using monoOptions --debugger-agent=transport=dt_socket,embedding=1,server=y,suspend=n,address=127.0.0.1:56036
Begin MonoManager ReloadAssembly
Registering precompiled unity dll's ...
Register platform support module: C:/Program Files/Unity/Hub/Editor/2020.3.8f1/Editor/Data/PlaybackEngines/WebGLSupport/UnityEditor.WebGL.Extensions.dll
Register platform support module: C:/Program Files/Unity/Hub/Editor/2020.3.8f1/Editor/Data/PlaybackEngines/WindowsStandaloneSupport/UnityEditor.WindowsStandalone.Extensions.dll
Registered in 0.001916 seconds.
Native extension for WindowsStandalone target not found
Native extension for WebGL target not found
Refreshing native plugins compatible for Editor in 31.33 ms, found 1 plugins.
Preloading 0 native plugins for Editor in 0.00 ms.
Mono: successfully reloaded assembly
- Completed reload, in  1.487 seconds
Platform modules already initialized, skipping
Registering precompiled user dll's ...
Registered in 0.000742 seconds.
Begin MonoManager ReloadAssembly
Native extension for WindowsStandalone target not found
Native extension for WebGL target not found
Refreshing native plugins compatible for Editor in 31.05 ms, found 1 plugins.
Preloading 0 native plugins for Editor in 0.00 ms.
Mono: successfully reloaded assembly
- Completed reload, in  0.759 seconds
Platform modules already initialized, skipping
========================================================================
Worker process is ready to serve import requests
Launched and connected shader compiler UnityShaderCompiler.exe after 0.03 seconds
Refreshing native plugins compatible for Editor in 0.34 ms, found 1 plugins.
Preloading 0 native plugins for Editor in 0.00 ms.
Unloading 1808 Unused Serialized files (Serialized files now loaded: 0)
System memory in use before: 84.8 MB.
System memory in use after: 84.8 MB.

Unloading 24 unused Assets to reduce memory usage. Loaded Objects now: 2250.
Total: 1.640400 ms (FindLiveObjects: 0.161100 ms CreateObjectMapping: 0.061600 ms MarkObjects: 1.315000 ms  DeleteObjects: 0.101900 ms)

========================================================================
Received Import Request.
  path: Assets
  artifactKey: Guid(00000000000000001000000000000000) Importer(815301076,1909f56bfc062723c751e8b465ee728b)
Start importing Assets using Guid(00000000000000001000000000000000) Importer(815301076,1909f56bfc062723c751e8b465ee728b)  -> (artifact id: '42d402b061de3733987d63b9cc3b64de') in 0.007120 seconds
  Import took 0.009373 seconds .

========================================================================
Received Import Request.
  Time since last request: 57.102990 seconds.
  path: Assets/paper.png
  artifactKey: Guid(97d771881babdd04d9787e7aacc1205a) Importer(815301076,1909f56bfc062723c751e8b465ee728b)
Start importing Assets/paper.png using Guid(97d771881babdd04d9787e7aacc1205a) Importer(815301076,1909f56bfc062723c751e8b465ee728b)  -> (artifact id: '8528dd1a50dd38a4c27ce2bfc0aa6e4e') in 0.090729 seconds
  Import took 0.093284 seconds .

========================================================================
Received Import Request.
  Time since last request: 0.000143 seconds.
  path: Assets/scissors.png
  artifactKey: Guid(486bda161f082ed43b63fe2dcb9d2516) Importer(815301076,1909f56bfc062723c751e8b465ee728b)
Start importing Assets/scissors.png using Guid(486bda161f082ed43b63fe2dcb9d2516) Importer(815301076,1909f56bfc062723c751e8b465ee728b)  -> (artifact id: '4a7da5eb1ae1b377251ccd580c41131c') in 0.010227 seconds
  Import took 0.012773 seconds .

========================================================================
Received Import Request.
  Time since last request: 0.000127 seconds.
  path: Assets/rock.png
  artifactKey: Guid(7220bef72f16c34499b7245e22108ce9) Importer(815301076,1909f56bfc062723c751e8b465ee728b)
Start importing Assets/rock.png using Guid(7220bef72f16c34499b7245e22108ce9) Importer(815301076,1909f56bfc062723c751e8b465ee728b)  -> (artifact id: '99572a308e48fa15a67b00c79a8cac44') in 0.009267 seconds
  Import took 0.011845 seconds .

========================================================================
Received Import Request.
  Time since last request: 75.919945 seconds.
  path: Assets/Card.cs
  artifactKey: Guid(0e897017c0b21cc46b4c83ce6950d654) Importer(815301076,1909f56bfc062723c751e8b465ee728b)
Start importing Assets/Card.cs using Guid(0e897017c0b21cc46b4c83ce6950d654) Importer(815301076,1909f56bfc062723c751e8b465ee728b)  -> (artifact id: 'eb02f8de22bd58ba0361a17cbb8af10d') in 0.010218 seconds
  Import took 0.013209 seconds .

========================================================================
Received Prepare
Registering precompiled user dll's ...
Registered in 0.034061 seconds.
Begin MonoManager ReloadAssembly
Native extension for WindowsStandalone target not found
Native extension for WebGL target not found
Refreshing native plugins compatible for Editor in 0.30 ms, found 1 plugins.
Preloading 0 native plugins for Editor in 0.00 ms.
Mono: successfully reloaded assembly
- Completed reload, in  0.712 seconds
Platform modules already initialized, skipping
Refreshing native plugins compatible for Editor in 0.31 ms, found 1 plugins.
Preloading 0 native plugins for Editor in 0.00 ms.
Unloading 1804 Unused Serialized files (Serialized files now loaded: 0)
System memory in use before: 87.9 MB.
System memory in use after: 87.9 MB.

Unloading 12 unused Assets to reduce memory usage. Loaded Objects now: 2261.
Total: 1.847100 ms (FindLiveObjects: 0.166500 ms CreateObjectMapping: 0.063600 ms MarkObjects: 1.519500 ms  DeleteObjects: 0.096700 ms)

========================================================================
Received Import Request.
  Time since last request: 79.133562 seconds.
  path: Assets/Card.cs
  artifactKey: Guid(0e897017c0b21cc46b4c83ce6950d654) Importer(815301076,1909f56bfc062723c751e8b465ee728b)
Start importing Assets/Card.cs using Guid(0e897017c0b21cc46b4c83ce6950d654) Importer(815301076,1909f56bfc062723c751e8b465ee728b)  -> (artifact id: 'fd804f3a1c2050dc281d75ad508c2c73') in 0.008209 seconds
  Import took 0.010605 seconds .

========================================================================
Received Import Request.
  Time since last request: 412.767375 seconds.
  path: Assets/Card.prefab
  artifactKey: Guid(77342fa3876c2c4449fb3d87c45dbd84) Importer(815301076,1909f56bfc062723c751e8b465ee728b)
Start importing Assets/Card.prefab using Guid(77342fa3876c2c4449fb3d87c45dbd84) Importer(815301076,1909f56bfc062723c751e8b465ee728b)  -> (artifact id: 'db09b0735753c5b36f38783e98704e98') in 0.063139 seconds
  Import took 0.066427 seconds .

========================================================================
Received Import Request.
  Time since last request: 22.714569 seconds.
  path: Assets/Deck.cs
  artifactKey: Guid(df4b47889a204ca46846568df803d5a9) Importer(815301076,1909f56bfc062723c751e8b465ee728b)
Start importing Assets/Deck.cs using Guid(df4b47889a204ca46846568df803d5a9) Importer(815301076,1909f56bfc062723c751e8b465ee728b)  -> (artifact id: '61d45825cb57131bb1eaae5e406c03b2') in 0.007597 seconds
  Import took 0.011035 seconds .

========================================================================
Received Prepare
Registering precompiled user dll's ...
Registered in 0.001359 seconds.
Begin MonoManager ReloadAssembly
Native extension for WindowsStandalone target not found
Native extension for WebGL target not found
Refreshing native plugins compatible for Editor in 0.29 ms, found 1 plugins.
Preloading 0 native plugins for Editor in 0.00 ms.
Mono: successfully reloaded assembly
- Completed reload, in  0.762 seconds
Platform modules already initialized, skipping
Refreshing native plugins compatible for Editor in 0.41 ms, found 1 plugins.
Preloading 0 native plugins for Editor in 0.00 ms.
Unloading 1805 Unused Serialized files (Serialized files now loaded: 0)
System memory in use before: 88.0 MB.
System memory in use after: 88.0 MB.

Unloading 12 unused Assets to reduce memory usage. Loaded Objects now: 2270.
Total: 1.907100 ms (FindLiveObjects: 0.246300 ms CreateObjectMapping: 0.172600 ms MarkObjects: 1.392900 ms  DeleteObjects: 0.094500 ms)

========================================================================
Received Import Request.
  Time since last request: 6.725377 seconds.
  path: Assets/CardPicker.cs
  artifactKey: Guid(8b3907e92781df347b486f7d9ba59063) Importer(815301076,1909f56bfc062723c751e8b465ee728b)
Start importing Assets/CardPicker.cs using Guid(8b3907e92781df347b486f7d9ba59063) Importer(815301076,1909f56bfc062723c751e8b465ee728b)  -> (artifact id: '663f7c1440ca54e6c9e8f9ce75cdbcd3') in 0.009472 seconds
  Import took 0.013372 seconds .

========================================================================
Received Prepare
Registering precompiled user dll's ...
Registered in 0.000718 seconds.
Begin MonoManager ReloadAssembly
Native extension for WindowsStandalone target not found
Native extension for WebGL target not found
Refreshing native plugins compatible for Editor in 0.30 ms, found 1 plugins.
Preloading 0 native plugins for Editor in 0.00 ms.
Mono: successfully reloaded assembly
- Completed reload, in  0.745 seconds
Platform modules already initialized, skipping
Refreshing native plugins compatible for Editor in 0.29 ms, found 1 plugins.
Preloading 0 native plugins for Editor in 0.00 ms.
Unloading 1806 Unused Serialized files (Serialized files now loaded: 0)
System memory in use before: 88.0 MB.
System memory in use after: 88.0 MB.

Unloading 12 unused Assets to reduce memory usage. Loaded Objects now: 2275.
Total: 1.691400 ms (FindLiveObjects: 0.271600 ms CreateObjectMapping: 0.082800 ms MarkObjects: 1.252800 ms  DeleteObjects: 0.083500 ms)

========================================================================
Received Prepare
Registering precompiled user dll's ...
Registered in 0.000883 seconds.
Begin MonoManager ReloadAssembly
Native extension for WindowsStandalone target not found
Native extension for WebGL target not found
Refreshing native plugins compatible for Editor in 0.29 ms, found 1 plugins.
Preloading 0 native plugins for Editor in 0.00 ms.
Mono: successfully reloaded assembly
- Completed reload, in  0.730 seconds
Platform modules already initialized, skipping
Refreshing native plugins compatible for Editor in 0.29 ms, found 1 plugins.
Preloading 0 native plugins for Editor in 0.00 ms.
Unloading 1806 Unused Serialized files (Serialized files now loaded: 0)
System memory in use before: 88.1 MB.
System memory in use after: 88.1 MB.

Unloading 12 unused Assets to reduce memory usage. Loaded Objects now: 2279.
Total: 1.738300 ms (FindLiveObjects: 0.187200 ms CreateObjectMapping: 0.087900 ms MarkObjects: 1.374500 ms  DeleteObjects: 0.088000 ms)

========================================================================
Received Prepare
Registering precompiled user dll's ...
Registered in 0.000755 seconds.
Begin MonoManager ReloadAssembly
Native extension for WindowsStandalone target not found
Native extension for WebGL target not found
Refreshing native plugins compatible for Editor in 0.30 ms, found 1 plugins.
Preloading 0 native plugins for Editor in 0.00 ms.
Mono: successfully reloaded assembly
- Completed reload, in  0.735 seconds
Platform modules already initialized, skipping
Refreshing native plugins compatible for Editor in 0.30 ms, found 1 plugins.
Preloading 0 native plugins for Editor in 0.00 ms.
Unloading 1806 Unused Serialized files (Serialized files now loaded: 0)
System memory in use before: 88.1 MB.
System memory in use after: 88.1 MB.

Unloading 12 unused Assets to reduce memory usage. Loaded Objects now: 2283.
Total: 2.109900 ms (FindLiveObjects: 0.246600 ms CreateObjectMapping: 0.084300 ms MarkObjects: 1.669300 ms  DeleteObjects: 0.108200 ms)

========================================================================
Received Import Request.
  Time since last request: 399.492813 seconds.
  path: Assets/CardPicker.cs
  artifactKey: Guid(8b3907e92781df347b486f7d9ba59063) Importer(815301076,1909f56bfc062723c751e8b465ee728b)
Start importing Assets/CardPicker.cs using Guid(8b3907e92781df347b486f7d9ba59063) Importer(815301076,1909f56bfc062723c751e8b465ee728b)  -> (artifact id: 'b27c1434cd846274395ab3d967d9b9b5') in 0.004527 seconds
  Import took 0.007297 seconds .

========================================================================
Received Prepare
Registering precompiled user dll's ...
Registered in 0.000782 seconds.
Begin MonoManager ReloadAssembly
Native extension for WindowsStandalone target not found
Native extension for WebGL target not found
Refreshing native plugins compatible for Editor in 0.39 ms, found 1 plugins.
Preloading 0 native plugins for Editor in 0.00 ms.
Mono: successfully reloaded assembly
- Completed reload, in  0.729 seconds
Platform modules already initialized, skipping
Refreshing native plugins compatible for Editor in 0.31 ms, found 1 plugins.
Preloading 0 native plugins for Editor in 0.00 ms.
Unloading 1806 Unused Serialized files (Serialized files now loaded: 0)
System memory in use before: 88.1 MB.
System memory in use after: 88.1 MB.

Unloading 12 unused Assets to reduce memory usage. Loaded Objects now: 2287.
Total: 1.715300 ms (FindLiveObjects: 0.175000 ms CreateObjectMapping: 0.088600 ms MarkObjects: 1.353900 ms  DeleteObjects: 0.097000 ms)

========================================================================
Received Import Request.
  Time since last request: 23.805495 seconds.
  path: Assets/CardPicker.cs
  artifactKey: Guid(8b3907e92781df347b486f7d9ba59063) Importer(815301076,1909f56bfc062723c751e8b465ee728b)
Start importing Assets/CardPicker.cs using Guid(8b3907e92781df347b486f7d9ba59063) Importer(815301076,1909f56bfc062723c751e8b465ee728b)  -> (artifact id: '404ae84d2d7eb3ea35828c326a304875') in 0.003757 seconds
  Import took 0.006121 seconds .

========================================================================
Received Prepare
Registering precompiled user dll's ...
Registered in 0.001041 seconds.
Begin MonoManager ReloadAssembly
Native extension for WindowsStandalone target not found
Native extension for WebGL target not found
Refreshing native plugins compatible for Editor in 0.75 ms, found 1 plugins.
Preloading 0 native plugins for Editor in 0.00 ms.
Mono: successfully reloaded assembly
- Completed reload, in  0.747 seconds
Platform modules already initialized, skipping
Refreshing native plugins compatible for Editor in 0.30 ms, found 1 plugins.
Preloading 0 native plugins for Editor in 0.00 ms.
Unloading 1806 Unused Serialized files (Serialized files now loaded: 0)
System memory in use before: 88.1 MB.
System memory in use after: 88.1 MB.

Unloading 12 unused Assets to reduce memory usage. Loaded Objects now: 2291.
Total: 1.701400 ms (FindLiveObjects: 0.182100 ms CreateObjectMapping: 0.062800 ms MarkObjects: 1.373700 ms  DeleteObjects: 0.082200 ms)

========================================================================
Received Import Request.
  Time since last request: 30.820222 seconds.
  path: Assets/Card.prefab
  artifactKey: Guid(77342fa3876c2c4449fb3d87c45dbd84) Importer(815301076,1909f56bfc062723c751e8b465ee728b)
Start importing Assets/Card.prefab using Guid(77342fa3876c2c4449fb3d87c45dbd84) Importer(815301076,1909f56bfc062723c751e8b465ee728b)  -> (artifact id: '41c4c65d70f3f0c35cdf4933fdd08ea8') in 0.051194 seconds
  Import took 0.053977 seconds .

========================================================================
Received Prepare
Registering precompiled user dll's ...
Registered in 0.000730 seconds.
Begin MonoManager ReloadAssembly
Native extension for WindowsStandalone target not found
Native extension for WebGL target not found
Refreshing native plugins compatible for Editor in 0.36 ms, found 1 plugins.
Preloading 0 native plugins for Editor in 0.00 ms.
Mono: successfully reloaded assembly
- Completed reload, in  0.740 seconds
Platform modules already initialized, skipping
Refreshing native plugins compatible for Editor in 0.29 ms, found 1 plugins.
Preloading 0 native plugins for Editor in 0.00 ms.
Unloading 1806 Unused Serialized files (Serialized files now loaded: 0)
System memory in use before: 88.1 MB.
System memory in use after: 88.1 MB.

Unloading 12 unused Assets to reduce memory usage. Loaded Objects now: 2296.
Total: 1.563900 ms (FindLiveObjects: 0.145700 ms CreateObjectMapping: 0.054200 ms MarkObjects: 1.281000 ms  DeleteObjects: 0.082500 ms)

========================================================================
Received Import Request.
  Time since last request: 4.149621 seconds.
  path: Assets/Card.prefab
  artifactKey: Guid(77342fa3876c2c4449fb3d87c45dbd84) Importer(815301076,1909f56bfc062723c751e8b465ee728b)
Start importing Assets/Card.prefab using Guid(77342fa3876c2c4449fb3d87c45dbd84) Importer(815301076,1909f56bfc062723c751e8b465ee728b)  -> (artifact id: 'aee8bfe1402c18cfe57c68c93bba5289') in 0.043843 seconds
  Import took 0.046239 seconds .

========================================================================
Received Prepare
Registering precompiled user dll's ...
Registered in 0.000888 seconds.
Begin MonoManager ReloadAssembly
Native extension for WindowsStandalone target not found
Native extension for WebGL target not found
Refreshing native plugins compatible for Editor in 0.30 ms, found 1 plugins.
Preloading 0 native plugins for Editor in 0.00 ms.
Mono: successfully reloaded assembly
- Completed reload, in  0.737 seconds
Platform modules already initialized, skipping
Refreshing native plugins compatible for Editor in 0.32 ms, found 1 plugins.
Preloading 0 native plugins for Editor in 0.00 ms.
Unloading 1806 Unused Serialized files (Serialized files now loaded: 0)
System memory in use before: 88.2 MB.
System memory in use after: 88.1 MB.

Unloading 12 unused Assets to reduce memory usage. Loaded Objects now: 2301.
Total: 1.702000 ms (FindLiveObjects: 0.179000 ms CreateObjectMapping: 0.072100 ms MarkObjects: 1.362600 ms  DeleteObjects: 0.087400 ms)

========================================================================
Received Prepare
Registering precompiled user dll's ...
Registered in 0.000868 seconds.
Begin MonoManager ReloadAssembly
Native extension for WindowsStandalone target not found
Native extension for WebGL target not found
Refreshing native plugins compatible for Editor in 0.30 ms, found 1 plugins.
Preloading 0 native plugins for Editor in 0.00 ms.
Mono: successfully reloaded assembly
- Completed reload, in  0.727 seconds
Platform modules already initialized, skipping
Refreshing native plugins compatible for Editor in 0.29 ms, found 1 plugins.
Preloading 0 native plugins for Editor in 0.00 ms.
Unloading 1806 Unused Serialized files (Serialized files now loaded: 0)
System memory in use before: 88.2 MB.
System memory in use after: 88.1 MB.

Unloading 12 unused Assets to reduce memory usage. Loaded Objects now: 2305.
Total: 1.627400 ms (FindLiveObjects: 0.152400 ms CreateObjectMapping: 0.067700 ms MarkObjects: 1.307800 ms  DeleteObjects: 0.098800 ms)

========================================================================
Received Prepare
Registering precompiled user dll's ...
Registered in 0.000789 seconds.
Begin MonoManager ReloadAssembly
Native extension for WindowsStandalone target not found
Native extension for WebGL target not found
Refreshing native plugins compatible for Editor in 0.58 ms, found 1 plugins.
Preloading 0 native plugins for Editor in 0.00 ms.
Mono: successfully reloaded assembly
- Completed reload, in  0.758 seconds
Platform modules already initialized, skipping
Refreshing native plugins compatible for Editor in 0.31 ms, found 1 plugins.
Preloading 0 native plugins for Editor in 0.00 ms.
Unloading 1806 Unused Serialized files (Serialized files now loaded: 0)
System memory in use before: 88.2 MB.
System memory in use after: 88.1 MB.

Unloading 12 unused Assets to reduce memory usage. Loaded Objects now: 2309.
Total: 1.887100 ms (FindLiveObjects: 0.204000 ms CreateObjectMapping: 0.070900 ms MarkObjects: 1.517900 ms  DeleteObjects: 0.093600 ms)

========================================================================
Received Prepare
Registering precompiled user dll's ...
Registered in 0.000687 seconds.
Begin MonoManager ReloadAssembly
Native extension for WindowsStandalone target not found
Native extension for WebGL target not found
Refreshing native plugins compatible for Editor in 0.29 ms, found 1 plugins.
Preloading 0 native plugins for Editor in 0.00 ms.
Mono: successfully reloaded assembly
- Completed reload, in  0.699 seconds
Platform modules already initialized, skipping
Refreshing native plugins compatible for Editor in 0.29 ms, found 1 plugins.
Preloading 0 native plugins for Editor in 0.00 ms.
Unloading 1806 Unused Serialized files (Serialized files now loaded: 0)
System memory in use before: 88.2 MB.
System memory in use after: 88.1 MB.

Unloading 12 unused Assets to reduce memory usage. Loaded Objects now: 2313.
Total: 1.547800 ms (FindLiveObjects: 0.148300 ms CreateObjectMapping: 0.054700 ms MarkObjects: 1.258100 ms  DeleteObjects: 0.085900 ms)

========================================================================
Received Prepare
Registering precompiled user dll's ...
Registered in 0.000732 seconds.
Begin MonoManager ReloadAssembly
Native extension for WindowsStandalone target not found
Native extension for WebGL target not found
Refreshing native plugins compatible for Editor in 0.30 ms, found 1 plugins.
Preloading 0 native plugins for Editor in 0.00 ms.
Mono: successfully reloaded assembly
- Completed reload, in  0.714 seconds
Platform modules already initialized, skipping
Refreshing native plugins compatible for Editor in 0.30 ms, found 1 plugins.
Preloading 0 native plugins for Editor in 0.00 ms.
Unloading 1806 Unused Serialized files (Serialized files now loaded: 0)
System memory in use before: 88.2 MB.
System memory in use after: 88.2 MB.

Unloading 12 unused Assets to reduce memory usage. Loaded Objects now: 2317.
Total: 1.648300 ms (FindLiveObjects: 0.166600 ms CreateObjectMapping: 0.056800 ms MarkObjects: 1.289000 ms  DeleteObjects: 0.135200 ms)

========================================================================
Received Prepare
Registering precompiled user dll's ...
Registered in 0.000839 seconds.
Begin MonoManager ReloadAssembly
Native extension for WindowsStandalone target not found
Native extension for WebGL target not found
Refreshing native plugins compatible for Editor in 0.38 ms, found 1 plugins.
Preloading 0 native plugins for Editor in 0.00 ms.
Mono: successfully reloaded assembly
- Completed reload, in  0.720 seconds
Platform modules already initialized, skipping
Refreshing native plugins compatible for Editor in 0.30 ms, found 1 plugins.
Preloading 0 native plugins for Editor in 0.00 ms.
Unloading 1806 Unused Serialized files (Serialized files now loaded: 0)
System memory in use before: 88.2 MB.
System memory in use after: 88.2 MB.

Unloading 12 unused Assets to reduce memory usage. Loaded Objects now: 2321.
Total: 1.644900 ms (FindLiveObjects: 0.152000 ms CreateObjectMapping: 0.055000 ms MarkObjects: 1.313500 ms  DeleteObjects: 0.123800 ms)

========================================================================
Received Prepare
Registering precompiled user dll's ...
Registered in 0.000729 seconds.
Begin MonoManager ReloadAssembly
Native extension for WindowsStandalone target not found
Native extension for WebGL target not found
Refreshing native plugins compatible for Editor in 0.29 ms, found 1 plugins.
Preloading 0 native plugins for Editor in 0.00 ms.
Mono: successfully reloaded assembly
- Completed reload, in  0.723 seconds
Platform modules already initialized, skipping
Refreshing native plugins compatible for Editor in 0.29 ms, found 1 plugins.
Preloading 0 native plugins for Editor in 0.00 ms.
Unloading 1806 Unused Serialized files (Serialized files now loaded: 0)
System memory in use before: 88.2 MB.
System memory in use after: 88.2 MB.

Unloading 12 unused Assets to reduce memory usage. Loaded Objects now: 2325.
Total: 1.713100 ms (FindLiveObjects: 0.145600 ms CreateObjectMapping: 0.055200 ms MarkObjects: 1.409400 ms  DeleteObjects: 0.102200 ms)

========================================================================
Received Import Request.
  Time since last request: 638.883285 seconds.
  path: Assets/Combat.cs
  artifactKey: Guid(70b1f8f64ff1ef240ab277bc0725a304) Importer(815301076,1909f56bfc062723c751e8b465ee728b)
Start importing Assets/Combat.cs using Guid(70b1f8f64ff1ef240ab277bc0725a304) Importer(815301076,1909f56bfc062723c751e8b465ee728b)  -> (artifact id: 'eceb8b036d4e0e4688634d45570a89e8') in 0.010663 seconds
  Import took 0.013117 seconds .

========================================================================
Received Prepare
Registering precompiled user dll's ...
Registered in 0.001153 seconds.
Begin MonoManager ReloadAssembly
Native extension for WindowsStandalone target not found
Native extension for WebGL target not found
Refreshing native plugins compatible for Editor in 0.29 ms, found 1 plugins.
Preloading 0 native plugins for Editor in 0.00 ms.
Mono: successfully reloaded assembly
- Completed reload, in  0.752 seconds
Platform modules already initialized, skipping
Refreshing native plugins compatible for Editor in 0.30 ms, found 1 plugins.
Preloading 0 native plugins for Editor in 0.00 ms.
Unloading 1807 Unused Serialized files (Serialized files now loaded: 0)
System memory in use before: 88.2 MB.
System memory in use after: 88.2 MB.

Unloading 12 unused Assets to reduce memory usage. Loaded Objects now: 2330.
Total: 1.568900 ms (FindLiveObjects: 0.148900 ms CreateObjectMapping: 0.055100 ms MarkObjects: 1.278700 ms  DeleteObjects: 0.085200 ms)

========================================================================
Received Import Request.
  Time since last request: 535.217855 seconds.
  path: Assets/Combat.cs
  artifactKey: Guid(70b1f8f64ff1ef240ab277bc0725a304) Importer(815301076,1909f56bfc062723c751e8b465ee728b)
Start importing Assets/Combat.cs using Guid(70b1f8f64ff1ef240ab277bc0725a304) Importer(815301076,1909f56bfc062723c751e8b465ee728b)  -> (artifact id: '0c3d5ec3607830112cb4e715a538241d') in 0.006881 seconds
  Import took 0.010673 seconds .

========================================================================
Received Prepare
Registering precompiled user dll's ...
Registered in 0.000984 seconds.
Begin MonoManager ReloadAssembly
Native extension for WindowsStandalone target not found
Native extension for WebGL target not found
Refreshing native plugins compatible for Editor in 0.36 ms, found 1 plugins.
Preloading 0 native plugins for Editor in 0.00 ms.
Mono: successfully reloaded assembly
- Completed reload, in  0.722 seconds
Platform modules already initialized, skipping
Refreshing native plugins compatible for Editor in 0.29 ms, found 1 plugins.
Preloading 0 native plugins for Editor in 0.00 ms.
Unloading 1807 Unused Serialized files (Serialized files now loaded: 0)
System memory in use before: 88.2 MB.
System memory in use after: 88.2 MB.

Unloading 12 unused Assets to reduce memory usage. Loaded Objects now: 2334.
Total: 1.573900 ms (FindLiveObjects: 0.148000 ms CreateObjectMapping: 0.054400 ms MarkObjects: 1.287400 ms  DeleteObjects: 0.083400 ms)

========================================================================
Received Prepare
Registering precompiled user dll's ...
Registered in 0.000759 seconds.
Begin MonoManager ReloadAssembly
Native extension for WindowsStandalone target not found
Native extension for WebGL target not found
Refreshing native plugins compatible for Editor in 0.29 ms, found 1 plugins.
Preloading 0 native plugins for Editor in 0.00 ms.
Mono: successfully reloaded assembly
- Completed reload, in  0.732 seconds
Platform modules already initialized, skipping
Refreshing native plugins compatible for Editor in 0.31 ms, found 1 plugins.
Preloading 0 native plugins for Editor in 0.00 ms.
Unloading 1807 Unused Serialized files (Serialized files now loaded: 0)
System memory in use before: 88.2 MB.
System memory in use after: 88.2 MB.

Unloading 12 unused Assets to reduce memory usage. Loaded Objects now: 2338.
Total: 1.559000 ms (FindLiveObjects: 0.145400 ms CreateObjectMapping: 0.054800 ms MarkObjects: 1.277100 ms  DeleteObjects: 0.080900 ms)

========================================================================
Received Prepare
Registering precompiled user dll's ...
Registered in 0.000926 seconds.
Begin MonoManager ReloadAssembly
Native extension for WindowsStandalone target not found
Native extension for WebGL target not found
Refreshing native plugins compatible for Editor in 0.34 ms, found 1 plugins.
Preloading 0 native plugins for Editor in 0.00 ms.
Mono: successfully reloaded assembly
- Completed reload, in  0.748 seconds
Platform modules already initialized, skipping
Refreshing native plugins compatible for Editor in 0.38 ms, found 1 plugins.
Preloading 0 native plugins for Editor in 0.00 ms.
Unloading 1807 Unused Serialized files (Serialized files now loaded: 0)
System memory in use before: 88.3 MB.
System memory in use after: 88.2 MB.

Unloading 12 unused Assets to reduce memory usage. Loaded Objects now: 2342.
Total: 1.670300 ms (FindLiveObjects: 0.199000 ms CreateObjectMapping: 0.073400 ms MarkObjects: 1.310500 ms  DeleteObjects: 0.086600 ms)

========================================================================
Received Prepare
Registering precompiled user dll's ...
Registered in 0.000812 seconds.
Begin MonoManager ReloadAssembly
Native extension for WindowsStandalone target not found
Native extension for WebGL target not found
Refreshing native plugins compatible for Editor in 0.29 ms, found 1 plugins.
Preloading 0 native plugins for Editor in 0.00 ms.
Mono: successfully reloaded assembly
- Completed reload, in  0.752 seconds
Platform modules already initialized, skipping
Refreshing native plugins compatible for Editor in 0.29 ms, found 1 plugins.
Preloading 0 native plugins for Editor in 0.00 ms.
Unloading 1807 Unused Serialized files (Serialized files now loaded: 0)
System memory in use before: 88.3 MB.
System memory in use after: 88.3 MB.

Unloading 12 unused Assets to reduce memory usage. Loaded Objects now: 2346.
Total: 1.775900 ms (FindLiveObjects: 0.163300 ms CreateObjectMapping: 0.094800 ms MarkObjects: 1.396300 ms  DeleteObjects: 0.120700 ms)

========================================================================
Received Prepare
Registering precompiled user dll's ...
Registered in 0.000828 seconds.
Begin MonoManager ReloadAssembly
Native extension for WindowsStandalone target not found
Native extension for WebGL target not found
Refreshing native plugins compatible for Editor in 0.31 ms, found 1 plugins.
Preloading 0 native plugins for Editor in 0.00 ms.
Mono: successfully reloaded assembly
- Completed reload, in  0.726 seconds
Platform modules already initialized, skipping
Refreshing native plugins compatible for Editor in 0.29 ms, found 1 plugins.
Preloading 0 native plugins for Editor in 0.00 ms.
Unloading 1807 Unused Serialized files (Serialized files now loaded: 0)
System memory in use before: 88.3 MB.
System memory in use after: 88.3 MB.

Unloading 12 unused Assets to reduce memory usage. Loaded Objects now: 2350.
Total: 1.887700 ms (FindLiveObjects: 0.248100 ms CreateObjectMapping: 0.118400 ms MarkObjects: 1.437500 ms  DeleteObjects: 0.083200 ms)

========================================================================
Received Prepare
Registering precompiled user dll's ...
Registered in 0.000943 seconds.
Begin MonoManager ReloadAssembly
Native extension for WindowsStandalone target not found
Native extension for WebGL target not found
Refreshing native plugins compatible for Editor in 0.29 ms, found 1 plugins.
Preloading 0 native plugins for Editor in 0.00 ms.
Mono: successfully reloaded assembly
- Completed reload, in  0.722 seconds
Platform modules already initialized, skipping
Refreshing native plugins compatible for Editor in 0.31 ms, found 1 plugins.
Preloading 0 native plugins for Editor in 0.00 ms.
Unloading 1807 Unused Serialized files (Serialized files now loaded: 0)
System memory in use before: 88.3 MB.
System memory in use after: 88.3 MB.

Unloading 12 unused Assets to reduce memory usage. Loaded Objects now: 2354.
Total: 1.575300 ms (FindLiveObjects: 0.157400 ms CreateObjectMapping: 0.056900 ms MarkObjects: 1.277100 ms  DeleteObjects: 0.083100 ms)

========================================================================
Received Prepare
Registering precompiled user dll's ...
Registered in 0.000952 seconds.
Begin MonoManager ReloadAssembly
Native extension for WindowsStandalone target not found
Native extension for WebGL target not found
Refreshing native plugins compatible for Editor in 0.54 ms, found 1 plugins.
Preloading 0 native plugins for Editor in 0.00 ms.
Mono: successfully reloaded assembly
- Completed reload, in  0.708 seconds
Platform modules already initialized, skipping
Refreshing native plugins compatible for Editor in 0.31 ms, found 1 plugins.
Preloading 0 native plugins for Editor in 0.00 ms.
Unloading 1807 Unused Serialized files (Serialized files now loaded: 0)
System memory in use before: 88.3 MB.
System memory in use after: 88.3 MB.

Unloading 12 unused Assets to reduce memory usage. Loaded Objects now: 2358.
Total: 1.884800 ms (FindLiveObjects: 0.182200 ms CreateObjectMapping: 0.049100 ms MarkObjects: 1.521900 ms  DeleteObjects: 0.131000 ms)

========================================================================
Received Prepare
Registering precompiled user dll's ...
Registered in 0.000717 seconds.
Begin MonoManager ReloadAssembly
Native extension for WindowsStandalone target not found
Native extension for WebGL target not found
Refreshing native plugins compatible for Editor in 0.38 ms, found 1 plugins.
Preloading 0 native plugins for Editor in 0.00 ms.
Mono: successfully reloaded assembly
- Completed reload, in  0.735 seconds
Platform modules already initialized, skipping
Refreshing native plugins compatible for Editor in 0.29 ms, found 1 plugins.
Preloading 0 native plugins for Editor in 0.00 ms.
Unloading 1807 Unused Serialized files (Serialized files now loaded: 0)
System memory in use before: 88.3 MB.
System memory in use after: 88.3 MB.

Unloading 12 unused Assets to reduce memory usage. Loaded Objects now: 2362.
Total: 1.616900 ms (FindLiveObjects: 0.151500 ms CreateObjectMapping: 0.056500 ms MarkObjects: 1.291800 ms  DeleteObjects: 0.116400 ms)

========================================================================
Received Prepare
Registering precompiled user dll's ...
Registered in 0.000762 seconds.
Begin MonoManager ReloadAssembly
Native extension for WindowsStandalone target not found
Native extension for WebGL target not found
Refreshing native plugins compatible for Editor in 0.39 ms, found 1 plugins.
Preloading 0 native plugins for Editor in 0.00 ms.
Mono: successfully reloaded assembly
- Completed reload, in  0.774 seconds
Platform modules already initialized, skipping
Refreshing native plugins compatible for Editor in 0.37 ms, found 1 plugins.
Preloading 0 native plugins for Editor in 0.00 ms.
Unloading 1807 Unused Serialized files (Serialized files now loaded: 0)
System memory in use before: 88.3 MB.
System memory in use after: 88.3 MB.

Unloading 12 unused Assets to reduce memory usage. Loaded Objects now: 2366.
Total: 2.080600 ms (FindLiveObjects: 0.205500 ms CreateObjectMapping: 0.080800 ms MarkObjects: 1.689000 ms  DeleteObjects: 0.104000 ms)

========================================================================
Received Prepare
Registering precompiled user dll's ...
Registered in 0.000719 seconds.
Begin MonoManager ReloadAssembly
Native extension for WindowsStandalone target not found
Native extension for WebGL target not found
Refreshing native plugins compatible for Editor in 0.38 ms, found 1 plugins.
Preloading 0 native plugins for Editor in 0.00 ms.
Mono: successfully reloaded assembly
- Completed reload, in  0.751 seconds
Platform modules already initialized, skipping
Refreshing native plugins compatible for Editor in 0.31 ms, found 1 plugins.
Preloading 0 native plugins for Editor in 0.00 ms.
Unloading 1807 Unused Serialized files (Serialized files now loaded: 0)
System memory in use before: 88.3 MB.
System memory in use after: 88.3 MB.

Unloading 12 unused Assets to reduce memory usage. Loaded Objects now: 2370.
Total: 1.917800 ms (FindLiveObjects: 0.182200 ms CreateObjectMapping: 0.072300 ms MarkObjects: 1.551100 ms  DeleteObjects: 0.111300 ms)

========================================================================
Received Prepare
Registering precompiled user dll's ...
Registered in 0.000647 seconds.
Begin MonoManager ReloadAssembly
Native extension for WindowsStandalone target not found
Native extension for WebGL target not found
Refreshing native plugins compatible for Editor in 0.29 ms, found 1 plugins.
Preloading 0 native plugins for Editor in 0.00 ms.
Mono: successfully reloaded assembly
- Completed reload, in  0.722 seconds
Platform modules already initialized, skipping
Refreshing native plugins compatible for Editor in 0.29 ms, found 1 plugins.
Preloading 0 native plugins for Editor in 0.00 ms.
Unloading 1807 Unused Serialized files (Serialized files now loaded: 0)
System memory in use before: 88.3 MB.
System memory in use after: 88.3 MB.

Unloading 12 unused Assets to reduce memory usage. Loaded Objects now: 2374.
Total: 2.041700 ms (FindLiveObjects: 0.330600 ms CreateObjectMapping: 0.136900 ms MarkObjects: 1.487500 ms  DeleteObjects: 0.085900 ms)

========================================================================
Received Prepare
Registering precompiled user dll's ...
Registered in 0.000769 seconds.
Begin MonoManager ReloadAssembly
Native extension for WindowsStandalone target not found
Native extension for WebGL target not found
Refreshing native plugins compatible for Editor in 0.29 ms, found 1 plugins.
Preloading 0 native plugins for Editor in 0.00 ms.
Mono: successfully reloaded assembly
- Completed reload, in  0.713 seconds
Platform modules already initialized, skipping
Refreshing native plugins compatible for Editor in 0.52 ms, found 1 plugins.
Preloading 0 native plugins for Editor in 0.00 ms.
Unloading 1807 Unused Serialized files (Serialized files now loaded: 0)
System memory in use before: 88.3 MB.
System memory in use after: 88.3 MB.

Unloading 12 unused Assets to reduce memory usage. Loaded Objects now: 2378.
Total: 1.540500 ms (FindLiveObjects: 0.148800 ms CreateObjectMapping: 0.057000 ms MarkObjects: 1.251900 ms  DeleteObjects: 0.082100 ms)

========================================================================
Received Prepare
Registering precompiled user dll's ...
Registered in 0.000735 seconds.
Begin MonoManager ReloadAssembly
Native extension for WindowsStandalone target not found
Native extension for WebGL target not found
Refreshing native plugins compatible for Editor in 0.36 ms, found 1 plugins.
Preloading 0 native plugins for Editor in 0.00 ms.
Mono: successfully reloaded assembly
- Completed reload, in  0.711 seconds
Platform modules already initialized, skipping
Refreshing native plugins compatible for Editor in 0.29 ms, found 1 plugins.
Preloading 0 native plugins for Editor in 0.00 ms.
Unloading 1807 Unused Serialized files (Serialized files now loaded: 0)
System memory in use before: 88.3 MB.
System memory in use after: 88.3 MB.

Unloading 12 unused Assets to reduce memory usage. Loaded Objects now: 2382.
Total: 1.610400 ms (FindLiveObjects: 0.152300 ms CreateObjectMapping: 0.053800 ms MarkObjects: 1.278400 ms  DeleteObjects: 0.125100 ms)

========================================================================
Received Prepare
Registering precompiled user dll's ...
Registered in 0.000777 seconds.
Begin MonoManager ReloadAssembly
Native extension for WindowsStandalone target not found
Native extension for WebGL target not found
Refreshing native plugins compatible for Editor in 0.33 ms, found 1 plugins.
Preloading 0 native plugins for Editor in 0.00 ms.
Mono: successfully reloaded assembly
- Completed reload, in  0.726 seconds
Platform modules already initialized, skipping
Refreshing native plugins compatible for Editor in 0.29 ms, found 1 plugins.
Preloading 0 native plugins for Editor in 0.00 ms.
Unloading 1807 Unused Serialized files (Serialized files now loaded: 0)
System memory in use before: 88.4 MB.
System memory in use after: 88.3 MB.

Unloading 12 unused Assets to reduce memory usage. Loaded Objects now: 2386.
Total: 1.659200 ms (FindLiveObjects: 0.165700 ms CreateObjectMapping: 0.063100 ms MarkObjects: 1.338700 ms  DeleteObjects: 0.090700 ms)

========================================================================
Received Prepare
Registering precompiled user dll's ...
Registered in 0.000824 seconds.
Begin MonoManager ReloadAssembly
Native extension for WindowsStandalone target not found
Native extension for WebGL target not found
Refreshing native plugins compatible for Editor in 0.83 ms, found 1 plugins.
Preloading 0 native plugins for Editor in 0.00 ms.
Mono: successfully reloaded assembly
- Completed reload, in  0.765 seconds
Platform modules already initialized, skipping
Refreshing native plugins compatible for Editor in 0.30 ms, found 1 plugins.
Preloading 0 native plugins for Editor in 0.00 ms.
Unloading 1854 Unused Serialized files (Serialized files now loaded: 0)
System memory in use before: 91.3 MB.
System memory in use after: 90.6 MB.

Unloading 25 unused Assets to reduce memory usage. Loaded Objects now: 2424.
Total: 1.866600 ms (FindLiveObjects: 0.176000 ms CreateObjectMapping: 0.063900 ms MarkObjects: 1.333100 ms  DeleteObjects: 0.292800 ms)

========================================================================
Received Import Request.
  Time since last request: 1455.498095 seconds.
  path: Assets/xpbliss_7.jpg
  artifactKey: Guid(541e998bce202424f9d602c3ce90111c) Importer(815301076,1909f56bfc062723c751e8b465ee728b)
Start importing Assets/xpbliss_7.jpg using Guid(541e998bce202424f9d602c3ce90111c) Importer(815301076,1909f56bfc062723c751e8b465ee728b)  -> (artifact id: 'c89f6b7b19b304df757a6ec39e0fdb6b') in 0.084418 seconds
  Import took 0.088015 seconds .

========================================================================
Received Prepare
Registering precompiled user dll's ...
Registered in 0.000709 seconds.
Begin MonoManager ReloadAssembly
Native extension for WindowsStandalone target not found
Native extension for WebGL target not found
Refreshing native plugins compatible for Editor in 0.30 ms, found 1 plugins.
Preloading 0 native plugins for Editor in 0.00 ms.
Mono: successfully reloaded assembly
- Completed reload, in  0.736 seconds
Platform modules already initialized, skipping
Refreshing native plugins compatible for Editor in 0.30 ms, found 1 plugins.
Preloading 0 native plugins for Editor in 0.00 ms.
Unloading 1854 Unused Serialized files (Serialized files now loaded: 0)
System memory in use before: 91.3 MB.
System memory in use after: 90.6 MB.

Unloading 25 unused Assets to reduce memory usage. Loaded Objects now: 2431.
Total: 1.966700 ms (FindLiveObjects: 0.167100 ms CreateObjectMapping: 0.059200 ms MarkObjects: 1.392800 ms  DeleteObjects: 0.346700 ms)

========================================================================
Received Prepare
Registering precompiled user dll's ...
Registered in 0.000853 seconds.
Begin MonoManager ReloadAssembly
Native extension for WindowsStandalone target not found
Native extension for WebGL target not found
Refreshing native plugins compatible for Editor in 0.30 ms, found 1 plugins.
Preloading 0 native plugins for Editor in 0.00 ms.
Mono: successfully reloaded assembly
- Completed reload, in  0.715 seconds
Platform modules already initialized, skipping
Refreshing native plugins compatible for Editor in 0.35 ms, found 1 plugins.
Preloading 0 native plugins for Editor in 0.00 ms.
Unloading 1854 Unused Serialized files (Serialized files now loaded: 0)
System memory in use before: 91.3 MB.
System memory in use after: 90.6 MB.

Unloading 25 unused Assets to reduce memory usage. Loaded Objects now: 2435.
Total: 2.334600 ms (FindLiveObjects: 0.164700 ms CreateObjectMapping: 0.063100 ms MarkObjects: 1.743500 ms  DeleteObjects: 0.362200 ms)

========================================================================
Received Prepare
Registering precompiled user dll's ...
Registered in 0.001059 seconds.
Begin MonoManager ReloadAssembly
Native extension for WindowsStandalone target not found
Native extension for WebGL target not found
Refreshing native plugins compatible for Editor in 0.34 ms, found 1 plugins.
Preloading 0 native plugins for Editor in 0.00 ms.
Mono: successfully reloaded assembly
- Completed reload, in  0.721 seconds
Platform modules already initialized, skipping
Refreshing native plugins compatible for Editor in 0.40 ms, found 1 plugins.
Preloading 0 native plugins for Editor in 0.00 ms.
Unloading 1854 Unused Serialized files (Serialized files now loaded: 0)
System memory in use before: 91.3 MB.
System memory in use after: 90.6 MB.

Unloading 25 unused Assets to reduce memory usage. Loaded Objects now: 2439.
Total: 2.027700 ms (FindLiveObjects: 0.163800 ms CreateObjectMapping: 0.060200 ms MarkObjects: 1.464300 ms  DeleteObjects: 0.338700 ms)

========================================================================
Received Prepare
Registering precompiled user dll's ...
Registered in 0.001123 seconds.
Begin MonoManager ReloadAssembly
Native extension for WindowsStandalone target not found
Native extension for WebGL target not found
Refreshing native plugins compatible for Editor in 0.37 ms, found 1 plugins.
Preloading 0 native plugins for Editor in 0.00 ms.
Mono: successfully reloaded assembly
- Completed reload, in  0.728 seconds
Platform modules already initialized, skipping
Refreshing native plugins compatible for Editor in 0.31 ms, found 1 plugins.
Preloading 0 native plugins for Editor in 0.00 ms.
Unloading 1854 Unused Serialized files (Serialized files now loaded: 0)
System memory in use before: 91.3 MB.
System memory in use after: 90.7 MB.

Unloading 25 unused Assets to reduce memory usage. Loaded Objects now: 2443.
Total: 1.964500 ms (FindLiveObjects: 0.189600 ms CreateObjectMapping: 0.072800 ms MarkObjects: 1.376200 ms  DeleteObjects: 0.324700 ms)

========================================================================
Received Prepare
Registering precompiled user dll's ...
Registered in 0.000752 seconds.
Begin MonoManager ReloadAssembly
Native extension for WindowsStandalone target not found
Native extension for WebGL target not found
Refreshing native plugins compatible for Editor in 0.30 ms, found 1 plugins.
Preloading 0 native plugins for Editor in 0.00 ms.
Mono: successfully reloaded assembly
- Completed reload, in  0.737 seconds
Platform modules already initialized, skipping
Refreshing native plugins compatible for Editor in 0.30 ms, found 1 plugins.
Preloading 0 native plugins for Editor in 0.00 ms.
Unloading 1854 Unused Serialized files (Serialized files now loaded: 0)
System memory in use before: 91.3 MB.
System memory in use after: 90.7 MB.

Unloading 25 unused Assets to reduce memory usage. Loaded Objects now: 2447.
Total: 1.819400 ms (FindLiveObjects: 0.160400 ms CreateObjectMapping: 0.059000 ms MarkObjects: 1.286700 ms  DeleteObjects: 0.312600 ms)

========================================================================
Received Prepare
Registering precompiled user dll's ...
Registered in 0.001148 seconds.
Begin MonoManager ReloadAssembly
Native extension for WindowsStandalone target not found
Native extension for WebGL target not found
Refreshing native plugins compatible for Editor in 0.29 ms, found 1 plugins.
Preloading 0 native plugins for Editor in 0.00 ms.
Mono: successfully reloaded assembly
- Completed reload, in  0.722 seconds
Platform modules already initialized, skipping
Refreshing native plugins compatible for Editor in 0.31 ms, found 1 plugins.
Preloading 0 native plugins for Editor in 0.00 ms.
Unloading 1854 Unused Serialized files (Serialized files now loaded: 0)
System memory in use before: 91.3 MB.
System memory in use after: 90.7 MB.

Unloading 25 unused Assets to reduce memory usage. Loaded Objects now: 2451.
Total: 1.888500 ms (FindLiveObjects: 0.184900 ms CreateObjectMapping: 0.070300 ms MarkObjects: 1.316600 ms  DeleteObjects: 0.316000 ms)

========================================================================
Received Prepare
Registering precompiled user dll's ...
Registered in 0.000702 seconds.
Begin MonoManager ReloadAssembly
Native extension for WindowsStandalone target not found
Native extension for WebGL target not found
Refreshing native plugins compatible for Editor in 0.30 ms, found 1 plugins.
Preloading 0 native plugins for Editor in 0.00 ms.
Mono: successfully reloaded assembly
- Completed reload, in  0.722 seconds
Platform modules already initialized, skipping
Refreshing native plugins compatible for Editor in 0.32 ms, found 1 plugins.
Preloading 0 native plugins for Editor in 0.00 ms.
Unloading 1854 Unused Serialized files (Serialized files now loaded: 0)
System memory in use before: 91.4 MB.
System memory in use after: 90.7 MB.

Unloading 25 unused Assets to reduce memory usage. Loaded Objects now: 2455.
Total: 1.920300 ms (FindLiveObjects: 0.166800 ms CreateObjectMapping: 0.064000 ms MarkObjects: 1.363000 ms  DeleteObjects: 0.325700 ms)

========================================================================
Received Prepare
Registering precompiled user dll's ...
Registered in 0.000912 seconds.
Begin MonoManager ReloadAssembly
Native extension for WindowsStandalone target not found
Native extension for WebGL target not found
Refreshing native plugins compatible for Editor in 0.30 ms, found 1 plugins.
Preloading 0 native plugins for Editor in 0.00 ms.
Mono: successfully reloaded assembly
- Completed reload, in  0.742 seconds
Platform modules already initialized, skipping
Refreshing native plugins compatible for Editor in 0.40 ms, found 1 plugins.
Preloading 0 native plugins for Editor in 0.00 ms.
Unloading 1854 Unused Serialized files (Serialized files now loaded: 0)
System memory in use before: 91.4 MB.
System memory in use after: 90.7 MB.

Unloading 25 unused Assets to reduce memory usage. Loaded Objects now: 2459.
Total: 1.957600 ms (FindLiveObjects: 0.189800 ms CreateObjectMapping: 0.081900 ms MarkObjects: 1.356500 ms  DeleteObjects: 0.328400 ms)

========================================================================
Received Prepare
Registering precompiled user dll's ...
Registered in 0.000784 seconds.
Begin MonoManager ReloadAssembly
Native extension for WindowsStandalone target not found
Native extension for WebGL target not found
Refreshing native plugins compatible for Editor in 0.31 ms, found 1 plugins.
Preloading 0 native plugins for Editor in 0.00 ms.
Mono: successfully reloaded assembly
- Completed reload, in  0.731 seconds
Platform modules already initialized, skipping
Refreshing native plugins compatible for Editor in 0.33 ms, found 1 plugins.
Preloading 0 native plugins for Editor in 0.00 ms.
Unloading 1854 Unused Serialized files (Serialized files now loaded: 0)
System memory in use before: 91.4 MB.
System memory in use after: 90.7 MB.

Unloading 25 unused Assets to reduce memory usage. Loaded Objects now: 2463.
Total: 2.117600 ms (FindLiveObjects: 0.161000 ms CreateObjectMapping: 0.061200 ms MarkObjects: 1.442700 ms  DeleteObjects: 0.452100 ms)

========================================================================
Received Prepare
Registering precompiled user dll's ...
Registered in 0.001198 seconds.
Begin MonoManager ReloadAssembly
Native extension for WindowsStandalone target not found
Native extension for WebGL target not found
Refreshing native plugins compatible for Editor in 0.30 ms, found 1 plugins.
Preloading 0 native plugins for Editor in 0.00 ms.
Mono: successfully reloaded assembly
- Completed reload, in  0.710 seconds
Platform modules already initialized, skipping
Refreshing native plugins compatible for Editor in 0.30 ms, found 1 plugins.
Preloading 0 native plugins for Editor in 0.00 ms.
Unloading 1854 Unused Serialized files (Serialized files now loaded: 0)
System memory in use before: 91.4 MB.
System memory in use after: 90.7 MB.

Unloading 25 unused Assets to reduce memory usage. Loaded Objects now: 2467.
Total: 1.871000 ms (FindLiveObjects: 0.159900 ms CreateObjectMapping: 0.061300 ms MarkObjects: 1.328800 ms  DeleteObjects: 0.320300 ms)

========================================================================
Received Import Request.
  Time since last request: 705.892168 seconds.
  path: Assets/music.ogg
  artifactKey: Guid(c36c50c6ab51ca640a80535ae8fb7c52) Importer(815301076,1909f56bfc062723c751e8b465ee728b)
Start importing Assets/music.ogg using Guid(c36c50c6ab51ca640a80535ae8fb7c52) Importer(815301076,1909f56bfc062723c751e8b465ee728b)  -> (artifact id: '326322c1cfe02ecccc8244e4208970a2') in 0.056041 seconds
  Import took 0.058668 seconds .

========================================================================
Received Prepare
Registering precompiled user dll's ...
Registered in 0.000711 seconds.
Begin MonoManager ReloadAssembly
Native extension for WindowsStandalone target not found
Native extension for WebGL target not found
Refreshing native plugins compatible for Editor in 0.33 ms, found 1 plugins.
Preloading 0 native plugins for Editor in 0.00 ms.
Mono: successfully reloaded assembly
- Completed reload, in  0.755 seconds
Platform modules already initialized, skipping
Refreshing native plugins compatible for Editor in 0.60 ms, found 1 plugins.
Preloading 0 native plugins for Editor in 0.00 ms.
Unloading 1854 Unused Serialized files (Serialized files now loaded: 0)
System memory in use before: 91.4 MB.
System memory in use after: 90.8 MB.

Unloading 25 unused Assets to reduce memory usage. Loaded Objects now: 2474.
Total: 2.483300 ms (FindLiveObjects: 0.229400 ms CreateObjectMapping: 0.088200 ms MarkObjects: 1.726400 ms  DeleteObjects: 0.438300 ms)

========================================================================
Received Prepare
Registering precompiled user dll's ...
Registered in 0.000806 seconds.
Begin MonoManager ReloadAssembly
Native extension for WindowsStandalone target not found
Native extension for WebGL target not found
Refreshing native plugins compatible for Editor in 0.31 ms, found 1 plugins.
Preloading 0 native plugins for Editor in 0.00 ms.
Mono: successfully reloaded assembly
- Completed reload, in  0.771 seconds
Platform modules already initialized, skipping
Refreshing native plugins compatible for Editor in 0.31 ms, found 1 plugins.
Preloading 0 native plugins for Editor in 0.00 ms.
Unloading 1855 Unused Serialized files (Serialized files now loaded: 0)
System memory in use before: 91.5 MB.
System memory in use after: 90.8 MB.

Unloading 25 unused Assets to reduce memory usage. Loaded Objects now: 2479.
Total: 2.405400 ms (FindLiveObjects: 0.200800 ms CreateObjectMapping: 0.068500 ms MarkObjects: 1.683000 ms  DeleteObjects: 0.452200 ms)

========================================================================
Received Import Request.
  Time since last request: 88.397924 seconds.
  path: Assets/InfiniteSoundSingleton.cs
  artifactKey: Guid(38de91f0deeb61140b29ad30acb79ce6) Importer(815301076,1909f56bfc062723c751e8b465ee728b)
Start importing Assets/InfiniteSoundSingleton.cs using Guid(38de91f0deeb61140b29ad30acb79ce6) Importer(815301076,1909f56bfc062723c751e8b465ee728b)  -> (artifact id: '5987f7bf849351eea7af645a9059af51') in 0.008272 seconds
  Import took 0.011415 seconds .

========================================================================
Received Prepare
Registering precompiled user dll's ...
Registered in 0.001443 seconds.
Begin MonoManager ReloadAssembly
Native extension for WindowsStandalone target not found
Native extension for WebGL target not found
Refreshing native plugins compatible for Editor in 0.30 ms, found 1 plugins.
Preloading 0 native plugins for Editor in 0.00 ms.
Mono: successfully reloaded assembly
- Completed reload, in  0.752 seconds
Platform modules already initialized, skipping
Refreshing native plugins compatible for Editor in 0.31 ms, found 1 plugins.
Preloading 0 native plugins for Editor in 0.00 ms.
Unloading 1855 Unused Serialized files (Serialized files now loaded: 0)
System memory in use before: 91.5 MB.
System memory in use after: 90.8 MB.

Unloading 25 unused Assets to reduce memory usage. Loaded Objects now: 2483.
Total: 1.851900 ms (FindLiveObjects: 0.162400 ms CreateObjectMapping: 0.061100 ms MarkObjects: 1.284700 ms  DeleteObjects: 0.342800 ms)

========================================================================
Received Prepare
Registering precompiled user dll's ...
Registered in 0.000769 seconds.
Begin MonoManager ReloadAssembly
Native extension for WindowsStandalone target not found
Native extension for WebGL target not found
Refreshing native plugins compatible for Editor in 0.30 ms, found 1 plugins.
Preloading 0 native plugins for Editor in 0.00 ms.
Mono: successfully reloaded assembly
- Completed reload, in  0.719 seconds
Platform modules already initialized, skipping
Refreshing native plugins compatible for Editor in 0.34 ms, found 1 plugins.
Preloading 0 native plugins for Editor in 0.00 ms.
Unloading 1855 Unused Serialized files (Serialized files now loaded: 0)
System memory in use before: 91.5 MB.
System memory in use after: 90.8 MB.

Unloading 25 unused Assets to reduce memory usage. Loaded Objects now: 2487.
Total: 1.860900 ms (FindLiveObjects: 0.159800 ms CreateObjectMapping: 0.058900 ms MarkObjects: 1.321800 ms  DeleteObjects: 0.319400 ms)

========================================================================
Received Import Request.
  Time since last request: 42.024350 seconds.
  path: Assets/InfiniteSoundSingleton.cs
  artifactKey: Guid(38de91f0deeb61140b29ad30acb79ce6) Importer(815301076,1909f56bfc062723c751e8b465ee728b)
Start importing Assets/InfiniteSoundSingleton.cs using Guid(38de91f0deeb61140b29ad30acb79ce6) Importer(815301076,1909f56bfc062723c751e8b465ee728b)  -> (artifact id: '0eabde7e58ccd6e2051724c895bb9ce8') in 0.005179 seconds
  Import took 0.007406 seconds .

========================================================================
Received Prepare
Registering precompiled user dll's ...
Registered in 0.001361 seconds.
Begin MonoManager ReloadAssembly
Native extension for WindowsStandalone target not found
Native extension for WebGL target not found
Refreshing native plugins compatible for Editor in 0.30 ms, found 1 plugins.
Preloading 0 native plugins for Editor in 0.00 ms.
Mono: successfully reloaded assembly
- Completed reload, in  0.731 seconds
Platform modules already initialized, skipping
Refreshing native plugins compatible for Editor in 0.30 ms, found 1 plugins.
Preloading 0 native plugins for Editor in 0.00 ms.
Unloading 1855 Unused Serialized files (Serialized files now loaded: 0)
System memory in use before: 91.5 MB.
System memory in use after: 90.8 MB.

Unloading 25 unused Assets to reduce memory usage. Loaded Objects now: 2491.
Total: 1.766300 ms (FindLiveObjects: 0.157900 ms CreateObjectMapping: 0.055300 ms MarkObjects: 1.245900 ms  DeleteObjects: 0.306500 ms)

========================================================================
Received Prepare
Registering precompiled user dll's ...
Registered in 0.000772 seconds.
Begin MonoManager ReloadAssembly
Native extension for WindowsStandalone target not found
Native extension for WebGL target not found
Refreshing native plugins compatible for Editor in 0.31 ms, found 1 plugins.
Preloading 0 native plugins for Editor in 0.00 ms.
Mono: successfully reloaded assembly
- Completed reload, in  0.729 seconds
Platform modules already initialized, skipping
Refreshing native plugins compatible for Editor in 0.31 ms, found 1 plugins.
Preloading 0 native plugins for Editor in 0.00 ms.
Unloading 1855 Unused Serialized files (Serialized files now loaded: 0)
System memory in use before: 91.5 MB.
System memory in use after: 90.8 MB.

Unloading 25 unused Assets to reduce memory usage. Loaded Objects now: 2495.
Total: 2.081800 ms (FindLiveObjects: 0.180300 ms CreateObjectMapping: 0.091600 ms MarkObjects: 1.473900 ms  DeleteObjects: 0.335300 ms)

========================================================================
Received Import Request.
  Time since last request: 378.563197 seconds.
  path: Assets/cardPlace1.wav
  artifactKey: Guid(ce4a6d9692bfdc7439c15b13997366c7) Importer(815301076,1909f56bfc062723c751e8b465ee728b)
Start importing Assets/cardPlace1.wav using Guid(ce4a6d9692bfdc7439c15b13997366c7) Importer(815301076,1909f56bfc062723c751e8b465ee728b)  -> (artifact id: '1c1aaba871de891e12430f572ad68e51') in 0.047401 seconds
  Import took 0.049884 seconds .

========================================================================
Received Import Request.
  Time since last request: 5.068411 seconds.
  path: Assets/cardPlace3.wav
  artifactKey: Guid(4c6cf12e3f10c354a9ceb36b236f2fde) Importer(815301076,1909f56bfc062723c751e8b465ee728b)
Start importing Assets/cardPlace3.wav using Guid(4c6cf12e3f10c354a9ceb36b236f2fde) Importer(815301076,1909f56bfc062723c751e8b465ee728b)  -> (artifact id: '43ae25401a7b2b43c564e2bd5a5a446d') in 0.011576 seconds
  Import took 0.014347 seconds .

========================================================================
Received Import Request.
  Time since last request: 3.226518 seconds.
  path: Assets/cardOpenPackage2.wav
  artifactKey: Guid(e17f1b9c60f5a1a4086e976a620e1188) Importer(815301076,1909f56bfc062723c751e8b465ee728b)
Start importing Assets/cardOpenPackage2.wav using Guid(e17f1b9c60f5a1a4086e976a620e1188) Importer(815301076,1909f56bfc062723c751e8b465ee728b)  -> (artifact id: '6914063b6f120ebdbe5a7e2f89762dc9') in 0.012883 seconds
  Import took 0.015599 seconds .

========================================================================
Received Import Request.
  Time since last request: 0.000705 seconds.
  path: Assets/cardOpenPackage2.wav
  artifactKey: Guid(e17f1b9c60f5a1a4086e976a620e1188) Importer(815301076,1909f56bfc062723c751e8b465ee728b)
Start importing Assets/cardOpenPackage2.wav using Guid(e17f1b9c60f5a1a4086e976a620e1188) Importer(815301076,1909f56bfc062723c751e8b465ee728b)  -> (artifact id: '6914063b6f120ebdbe5a7e2f89762dc9') in 0.009860 seconds
  Import took 0.012594 seconds .

========================================================================
Received Import Request.
  Time since last request: 2.722568 seconds.
  path: Assets/cardTakeOutPackage1.wav
  artifactKey: Guid(a99c32426e739b040ae2faa5142ecf18) Importer(815301076,1909f56bfc062723c751e8b465ee728b)
Start importing Assets/cardTakeOutPackage1.wav using Guid(a99c32426e739b040ae2faa5142ecf18) Importer(815301076,1909f56bfc062723c751e8b465ee728b)  -> (artifact id: '93045313b11381a08c2ba693f4f3f4cc') in 0.013681 seconds
  Import took 0.016596 seconds .

========================================================================
Received Import Request.
  Time since last request: 11.378578 seconds.
  path: Assets/CardPicker.cs
  artifactKey: Guid(8b3907e92781df347b486f7d9ba59063) Importer(815301076,1909f56bfc062723c751e8b465ee728b)
Start importing Assets/CardPicker.cs using Guid(8b3907e92781df347b486f7d9ba59063) Importer(815301076,1909f56bfc062723c751e8b465ee728b)  -> (artifact id: 'b8d83d2761ab6e2860ff4687402abd8e') in 0.005965 seconds
  Import took 0.008453 seconds .

========================================================================
Received Prepare
Registering precompiled user dll's ...
Registered in 0.001343 seconds.
Begin MonoManager ReloadAssembly
Native extension for WindowsStandalone target not found
Native extension for WebGL target not found
Refreshing native plugins compatible for Editor in 0.31 ms, found 1 plugins.
Preloading 0 native plugins for Editor in 0.00 ms.
Mono: successfully reloaded assembly
- Completed reload, in  0.710 seconds
Platform modules already initialized, skipping
Refreshing native plugins compatible for Editor in 0.32 ms, found 1 plugins.
Preloading 0 native plugins for Editor in 0.00 ms.
Unloading 1855 Unused Serialized files (Serialized files now loaded: 0)
System memory in use before: 91.5 MB.
System memory in use after: 90.8 MB.

Unloading 25 unused Assets to reduce memory usage. Loaded Objects now: 2500.
Total: 2.313700 ms (FindLiveObjects: 0.191900 ms CreateObjectMapping: 0.069400 ms MarkObjects: 1.720700 ms  DeleteObjects: 0.330900 ms)

========================================================================
Received Prepare
Registering precompiled user dll's ...
Registered in 0.000703 seconds.
Begin MonoManager ReloadAssembly
Native extension for WindowsStandalone target not found
Native extension for WebGL target not found
Refreshing native plugins compatible for Editor in 0.30 ms, found 1 plugins.
Preloading 0 native plugins for Editor in 0.00 ms.
Mono: successfully reloaded assembly
- Completed reload, in  0.707 seconds
Platform modules already initialized, skipping
Refreshing native plugins compatible for Editor in 0.30 ms, found 1 plugins.
Preloading 0 native plugins for Editor in 0.00 ms.
Unloading 1855 Unused Serialized files (Serialized files now loaded: 0)
System memory in use before: 91.5 MB.
System memory in use after: 90.9 MB.

Unloading 25 unused Assets to reduce memory usage. Loaded Objects now: 2504.
Total: 2.172500 ms (FindLiveObjects: 0.161000 ms CreateObjectMapping: 0.063500 ms MarkObjects: 1.351800 ms  DeleteObjects: 0.595000 ms)

========================================================================
Received Prepare
Registering precompiled user dll's ...
Registered in 0.000699 seconds.
Begin MonoManager ReloadAssembly
Native extension for WindowsStandalone target not found
Native extension for WebGL target not found
Refreshing native plugins compatible for Editor in 0.33 ms, found 1 plugins.
Preloading 0 native plugins for Editor in 0.00 ms.
Mono: successfully reloaded assembly
- Completed reload, in  0.700 seconds
Platform modules already initialized, skipping
Refreshing native plugins compatible for Editor in 0.30 ms, found 1 plugins.
Preloading 0 native plugins for Editor in 0.00 ms.
Unloading 1855 Unused Serialized files (Serialized files now loaded: 0)
System memory in use before: 91.5 MB.
System memory in use after: 90.9 MB.

Unloading 25 unused Assets to reduce memory usage. Loaded Objects now: 2508.
Total: 2.134500 ms (FindLiveObjects: 0.209100 ms CreateObjectMapping: 0.055900 ms MarkObjects: 1.548100 ms  DeleteObjects: 0.320600 ms)

========================================================================
Received Prepare
Refreshing native plugins compatible for Editor in 1.52 ms, found 1 plugins.
Preloading 0 native plugins for Editor in 0.00 ms.
Unloading 23 Unused Serialized files (Serialized files now loaded: 0)
System memory in use before: 55.3 MB.
System memory in use after: 54.6 MB.

Unloading 23 unused Assets to reduce memory usage. Loaded Objects now: 2508.
Total: 2.304500 ms (FindLiveObjects: 0.214700 ms CreateObjectMapping: 0.087400 ms MarkObjects: 1.566700 ms  DeleteObjects: 0.435000 ms)

========================================================================
Received Prepare
Refreshing native plugins compatible for Editor in 1.58 ms, found 1 plugins.
Preloading 0 native plugins for Editor in 0.00 ms.
Unloading 23 Unused Serialized files (Serialized files now loaded: 0)
System memory in use before: 55.3 MB.
System memory in use after: 54.6 MB.

Unloading 23 unused Assets to reduce memory usage. Loaded Objects now: 2508.
Total: 2.855800 ms (FindLiveObjects: 0.245600 ms CreateObjectMapping: 0.075100 ms MarkObjects: 2.113600 ms  DeleteObjects: 0.420300 ms)

========================================================================
Received Prepare
Registering precompiled user dll's ...
Registered in 0.000867 seconds.
Begin MonoManager ReloadAssembly
Native extension for WindowsStandalone target not found
Native extension for WebGL target not found
Refreshing native plugins compatible for Editor in 0.34 ms, found 1 plugins.
Preloading 0 native plugins for Editor in 0.00 ms.
Mono: successfully reloaded assembly
- Completed reload, in  0.714 seconds
Platform modules already initialized, skipping
Refreshing native plugins compatible for Editor in 0.31 ms, found 1 plugins.
Preloading 0 native plugins for Editor in 0.00 ms.
Unloading 1855 Unused Serialized files (Serialized files now loaded: 0)
System memory in use before: 91.6 MB.
System memory in use after: 90.9 MB.

Unloading 25 unused Assets to reduce memory usage. Loaded Objects now: 2512.
Total: 1.944300 ms (FindLiveObjects: 0.177000 ms CreateObjectMapping: 0.063400 ms MarkObjects: 1.315100 ms  DeleteObjects: 0.388100 ms)

========================================================================
Received Prepare
Refreshing native plugins compatible for Editor in 1.57 ms, found 1 plugins.
Preloading 0 native plugins for Editor in 0.00 ms.
Unloading 23 Unused Serialized files (Serialized files now loaded: 0)
System memory in use before: 55.3 MB.
System memory in use after: 54.7 MB.

Unloading 23 unused Assets to reduce memory usage. Loaded Objects now: 2512.
Total: 2.344700 ms (FindLiveObjects: 0.178400 ms CreateObjectMapping: 0.067100 ms MarkObjects: 1.754200 ms  DeleteObjects: 0.344500 ms)

AssetImportWorkerClient::OnTransportError - code=2 error=End of file
