Using pre-set license
Built from '2020.3/staging' branch; Version is '2020.3.11f1 (99c7afb366b3) revision 10078127'; Using compiler version '192528614'; Build Type 'Release'
OS: 'Windows 10 Home; OS build 19043.1466; Version 2009; 64bit' Language: 'en' Physical Memory: 32530 MB
BatchMode: 1, IsHumanControllingUs: 0, StartBugReporterOnCrash: 0, Is64bit: 1, IsPro: 0

 COMMAND LINE ARGUMENTS:
C:\Program Files\Unity\Hub\Editor\2020.3.11f1\Editor\Unity.exe
-adb2
-batchMode
-noUpm
-name
AssetImportWorker0
-projectPath
C:/GitCodeRepos/LEGJ-Submissions/PalPigdonMarathonSimulator
-logFile
Logs/AssetImportWorker0.log
-srvPort
52854
Successfully changed project path to: C:/GitCodeRepos/LEGJ-Submissions/PalPigdonMarathonSimulator
C:/GitCodeRepos/LEGJ-Submissions/PalPigdonMarathonSimulator
Using Asset Import Pipeline V2.
Refreshing native plugins compatible for Editor in 37.75 ms, found 3 plugins.
Preloading 0 native plugins for Editor in 0.00 ms.
Initialize engine version: 2020.3.11f1 (99c7afb366b3)
[Subsystems] Discovering subsystems at path C:/Program Files/Unity/Hub/Editor/2020.3.11f1/Editor/Data/Resources/UnitySubsystems
[Subsystems] Discovering subsystems at path C:/GitCodeRepos/LEGJ-Submissions/PalPigdonMarathonSimulator/Assets
GfxDevice: creating device client; threaded=0
Direct3D:
    Version:  Direct3D 11.0 [level 11.1]
    Renderer: NVIDIA GeForce RTX 3080 Laptop GPU (ID=0x24dc)
    Vendor:   
    VRAM:     16201 MB
    Driver:   30.0.15.1165
Initialize mono
Mono path[0] = 'C:/Program Files/Unity/Hub/Editor/2020.3.11f1/Editor/Data/Managed'
Mono path[1] = 'C:/Program Files/Unity/Hub/Editor/2020.3.11f1/Editor/Data/MonoBleedingEdge/lib/mono/unityjit'
Mono config path = 'C:/Program Files/Unity/Hub/Editor/2020.3.11f1/Editor/Data/MonoBleedingEdge/etc'
Using monoOptions --debugger-agent=transport=dt_socket,embedding=1,server=y,suspend=n,address=127.0.0.1:56412
Begin MonoManager ReloadAssembly
Registering precompiled unity dll's ...
Register platform support module: C:/Program Files/Unity/Hub/Editor/2020.3.11f1/Editor/Data/PlaybackEngines/WebGLSupport/UnityEditor.WebGL.Extensions.dll
Register platform support module: C:/Program Files/Unity/Hub/Editor/2020.3.11f1/Editor/Data/PlaybackEngines/WindowsStandaloneSupport/UnityEditor.WindowsStandalone.Extensions.dll
Registered in 0.002155 seconds.
Native extension for WindowsStandalone target not found
Native extension for WebGL target not found
Refreshing native plugins compatible for Editor in 32.69 ms, found 3 plugins.
Preloading 0 native plugins for Editor in 0.00 ms.
Mono: successfully reloaded assembly
- Completed reload, in  1.964 seconds
Platform modules already initialized, skipping
Registering precompiled user dll's ...
Registered in 0.003660 seconds.
Begin MonoManager ReloadAssembly
Native extension for WindowsStandalone target not found
Native extension for WebGL target not found
Refreshing native plugins compatible for Editor in 32.68 ms, found 3 plugins.
Preloading 0 native plugins for Editor in 0.00 ms.
Mono: successfully reloaded assembly
- Completed reload, in  1.010 seconds
Platform modules already initialized, skipping
========================================================================
Worker process is ready to serve import requests
Launched and connected shader compiler UnityShaderCompiler.exe after 0.05 seconds
Refreshing native plugins compatible for Editor in 0.42 ms, found 3 plugins.
Preloading 0 native plugins for Editor in 0.00 ms.
Unloading 2082 Unused Serialized files (Serialized files now loaded: 0)
System memory in use before: 92.9 MB.
System memory in use after: 92.9 MB.

Unloading 33 unused Assets to reduce memory usage. Loaded Objects now: 2516.
Total: 2.328200 ms (FindLiveObjects: 0.212800 ms CreateObjectMapping: 0.084600 ms MarkObjects: 1.916200 ms  DeleteObjects: 0.113100 ms)

========================================================================
Received Import Request.
  path: Assets/runnn.png
  artifactKey: Guid(774d9eabfdbb8264bbf756f33e788453) Importer(815301076,1909f56bfc062723c751e8b465ee728b)
Start importing Assets/runnn.png using Guid(774d9eabfdbb8264bbf756f33e788453) Importer(815301076,1909f56bfc062723c751e8b465ee728b)  -> (artifact id: 'f16e4c96c9e77f7f641f4fc0b4a2e475') in 0.129541 seconds
  Import took 0.133636 seconds .

========================================================================
Received Import Request.
  Time since last request: 0.362191 seconds.
  path: Assets/runnn.png
  artifactKey: Guid(774d9eabfdbb8264bbf756f33e788453) Importer(815301076,1909f56bfc062723c751e8b465ee728b)
Start importing Assets/runnn.png using Guid(774d9eabfdbb8264bbf756f33e788453) Importer(815301076,1909f56bfc062723c751e8b465ee728b)  -> (artifact id: 'f16e4c96c9e77f7f641f4fc0b4a2e475') in 0.025081 seconds
  Import took 0.028001 seconds .

========================================================================
Received Import Request.
  Time since last request: 2.974235 seconds.
  path: Assets/runnn.png
  artifactKey: Guid(774d9eabfdbb8264bbf756f33e788453) Importer(815301076,1909f56bfc062723c751e8b465ee728b)
Start importing Assets/runnn.png using Guid(774d9eabfdbb8264bbf756f33e788453) Importer(815301076,1909f56bfc062723c751e8b465ee728b)  -> (artifact id: '7c8a514c8f7e7946f2da21d3d881285e') in 0.007811 seconds
  Import took 0.011220 seconds .

========================================================================
Received Import Request.
  Time since last request: 18.921938 seconds.
  path: Assets/runnn.png
  artifactKey: Guid(774d9eabfdbb8264bbf756f33e788453) Importer(815301076,1909f56bfc062723c751e8b465ee728b)
Start importing Assets/runnn.png using Guid(774d9eabfdbb8264bbf756f33e788453) Importer(815301076,1909f56bfc062723c751e8b465ee728b)  -> (artifact id: '01fc24f366159961d2846d66aa3668d6') in 0.024179 seconds
  Import took 0.027898 seconds .

========================================================================
Received Import Request.
  Time since last request: 67.105705 seconds.
  path: Assets/runnn.png
  artifactKey: Guid(774d9eabfdbb8264bbf756f33e788453) Importer(815301076,1909f56bfc062723c751e8b465ee728b)
Start importing Assets/runnn.png using Guid(774d9eabfdbb8264bbf756f33e788453) Importer(815301076,1909f56bfc062723c751e8b465ee728b)  -> (artifact id: '88120d0488ff3cb755cff7c4c811a8a7') in 0.028267 seconds
  Import took 0.032440 seconds .

========================================================================
Received Import Request.
  Time since last request: 3.618360 seconds.
  path: Assets/runnn.png
  artifactKey: Guid(774d9eabfdbb8264bbf756f33e788453) Importer(815301076,1909f56bfc062723c751e8b465ee728b)
Start importing Assets/runnn.png using Guid(774d9eabfdbb8264bbf756f33e788453) Importer(815301076,1909f56bfc062723c751e8b465ee728b)  -> (artifact id: 'f4656d78409b500aabfa1f2df24091e2') in 0.023645 seconds
  Import took 0.027113 seconds .

========================================================================
Received Prepare
Registering precompiled user dll's ...
Registered in 0.003608 seconds.
Begin MonoManager ReloadAssembly
Native extension for WindowsStandalone target not found
Native extension for WebGL target not found
Refreshing native plugins compatible for Editor in 0.71 ms, found 3 plugins.
Preloading 0 native plugins for Editor in 0.00 ms.
Mono: successfully reloaded assembly
- Completed reload, in  0.912 seconds
Platform modules already initialized, skipping
Refreshing native plugins compatible for Editor in 0.35 ms, found 3 plugins.
Preloading 0 native plugins for Editor in 0.00 ms.
Unloading 2077 Unused Serialized files (Serialized files now loaded: 0)
System memory in use before: 95.8 MB.
System memory in use after: 95.8 MB.

Unloading 21 unused Assets to reduce memory usage. Loaded Objects now: 2528.
Total: 2.113200 ms (FindLiveObjects: 0.154100 ms CreateObjectMapping: 0.088900 ms MarkObjects: 1.785200 ms  DeleteObjects: 0.084100 ms)

========================================================================
Received Prepare
Registering precompiled user dll's ...
Registered in 0.003367 seconds.
Begin MonoManager ReloadAssembly
Native extension for WindowsStandalone target not found
Native extension for WebGL target not found
Refreshing native plugins compatible for Editor in 0.39 ms, found 3 plugins.
Preloading 0 native plugins for Editor in 0.00 ms.
Mono: successfully reloaded assembly
- Completed reload, in  0.924 seconds
Platform modules already initialized, skipping
Refreshing native plugins compatible for Editor in 0.37 ms, found 3 plugins.
Preloading 0 native plugins for Editor in 0.00 ms.
Unloading 2077 Unused Serialized files (Serialized files now loaded: 0)
System memory in use before: 95.9 MB.
System memory in use after: 95.9 MB.

Unloading 21 unused Assets to reduce memory usage. Loaded Objects now: 2532.
Total: 2.087500 ms (FindLiveObjects: 0.156900 ms CreateObjectMapping: 0.068300 ms MarkObjects: 1.783300 ms  DeleteObjects: 0.078200 ms)

========================================================================
Received Prepare
Registering precompiled user dll's ...
Registered in 0.003437 seconds.
Begin MonoManager ReloadAssembly
Native extension for WindowsStandalone target not found
Native extension for WebGL target not found
Refreshing native plugins compatible for Editor in 0.36 ms, found 3 plugins.
Preloading 0 native plugins for Editor in 0.00 ms.
Mono: successfully reloaded assembly
- Completed reload, in  0.912 seconds
Platform modules already initialized, skipping
Refreshing native plugins compatible for Editor in 0.40 ms, found 3 plugins.
Preloading 0 native plugins for Editor in 0.00 ms.
Unloading 2077 Unused Serialized files (Serialized files now loaded: 0)
System memory in use before: 95.9 MB.
System memory in use after: 95.9 MB.

Unloading 21 unused Assets to reduce memory usage. Loaded Objects now: 2536.
Total: 1.909000 ms (FindLiveObjects: 0.189700 ms CreateObjectMapping: 0.086100 ms MarkObjects: 1.484700 ms  DeleteObjects: 0.147600 ms)

========================================================================
Received Prepare
Registering precompiled user dll's ...
Registered in 0.003621 seconds.
Begin MonoManager ReloadAssembly
Native extension for WindowsStandalone target not found
Native extension for WebGL target not found
Refreshing native plugins compatible for Editor in 0.38 ms, found 3 plugins.
Preloading 0 native plugins for Editor in 0.00 ms.
Mono: successfully reloaded assembly
- Completed reload, in  0.938 seconds
Platform modules already initialized, skipping
Refreshing native plugins compatible for Editor in 0.37 ms, found 3 plugins.
Preloading 0 native plugins for Editor in 0.00 ms.
Unloading 2077 Unused Serialized files (Serialized files now loaded: 0)
System memory in use before: 95.9 MB.
System memory in use after: 95.9 MB.

Unloading 21 unused Assets to reduce memory usage. Loaded Objects now: 2540.
Total: 2.201700 ms (FindLiveObjects: 0.205700 ms CreateObjectMapping: 0.074500 ms MarkObjects: 1.829200 ms  DeleteObjects: 0.091600 ms)

========================================================================
Received Prepare
Refreshing native plugins compatible for Editor in 3.57 ms, found 3 plugins.
Preloading 0 native plugins for Editor in 0.00 ms.
Unloading 19 Unused Serialized files (Serialized files now loaded: 0)
System memory in use before: 55.3 MB.
System memory in use after: 55.3 MB.

Unloading 19 unused Assets to reduce memory usage. Loaded Objects now: 2540.
Total: 1.932800 ms (FindLiveObjects: 0.164100 ms CreateObjectMapping: 0.074700 ms MarkObjects: 1.605800 ms  DeleteObjects: 0.087500 ms)

AssetImportWorkerClient::OnTransportError - code=2 error=End of file
