Using pre-set license
Built from '2020.3/release' branch; Version is '2020.3.12f1 (b3b2c6512326) revision 11776710'; Using compiler version '192528614'; Build Type 'Release'
OS: 'Windows 10 Home; OS build 19042.1110; Version 2009; 64bit' Language: 'en' Physical Memory: 32530 MB
BatchMode: 1, IsHumanControllingUs: 0, StartBugReporterOnCrash: 0, Is64bit: 1, IsPro: 0

 COMMAND LINE ARGUMENTS:
C:\Program Files\Unity\Hub\Editor\2020.3.12f1\Editor\Unity.exe
-adb2
-batchMode
-noUpm
-name
AssetImportWorker0
-projectPath
C:/GitCodeRepos/LEGJ-Submissions/LEGJ-YouGottaDig
-logFile
Logs/AssetImportWorker0.log
-srvPort
58061
Successfully changed project path to: C:/GitCodeRepos/LEGJ-Submissions/LEGJ-YouGottaDig
C:/GitCodeRepos/LEGJ-Submissions/LEGJ-YouGottaDig
Using Asset Import Pipeline V2.
Refreshing native plugins compatible for Editor in 51.61 ms, found 2 plugins.
Preloading 0 native plugins for Editor in 0.00 ms.
Initialize engine version: 2020.3.12f1 (b3b2c6512326)
[Subsystems] Discovering subsystems at path C:/Program Files/Unity/Hub/Editor/2020.3.12f1/Editor/Data/Resources/UnitySubsystems
[Subsystems] Discovering subsystems at path C:/GitCodeRepos/LEGJ-Submissions/LEGJ-YouGottaDig/Assets
GfxDevice: creating device client; threaded=0
Direct3D:
    Version:  Direct3D 11.0 [level 11.1]
    Renderer: NVIDIA GeForce RTX 3080 Laptop GPU (ID=0x24dc)
    Vendor:   
    VRAM:     16201 MB
    Driver:   30.0.14.7111
Initialize mono
Mono path[0] = 'C:/Program Files/Unity/Hub/Editor/2020.3.12f1/Editor/Data/Managed'
Mono path[1] = 'C:/Program Files/Unity/Hub/Editor/2020.3.12f1/Editor/Data/MonoBleedingEdge/lib/mono/unityjit'
Mono config path = 'C:/Program Files/Unity/Hub/Editor/2020.3.12f1/Editor/Data/MonoBleedingEdge/etc'
Using monoOptions --debugger-agent=transport=dt_socket,embedding=1,server=y,suspend=n,address=127.0.0.1:56676
Begin MonoManager ReloadAssembly
Registering precompiled unity dll's ...
Register platform support module: C:/Program Files/Unity/Hub/Editor/2020.3.12f1/Editor/Data/PlaybackEngines/WebGLSupport/UnityEditor.WebGL.Extensions.dll
Register platform support module: C:/Program Files/Unity/Hub/Editor/2020.3.12f1/Editor/Data/PlaybackEngines/WindowsStandaloneSupport/UnityEditor.WindowsStandalone.Extensions.dll
Registered in 0.002448 seconds.
Native extension for WindowsStandalone target not found
Native extension for WebGL target not found
Refreshing native plugins compatible for Editor in 50.49 ms, found 2 plugins.
Preloading 0 native plugins for Editor in 0.00 ms.
Mono: successfully reloaded assembly
- Completed reload, in  1.604 seconds
Platform modules already initialized, skipping
Registering precompiled user dll's ...
Registered in 0.003682 seconds.
Begin MonoManager ReloadAssembly
Native extension for WindowsStandalone target not found
Native extension for WebGL target not found
Refreshing native plugins compatible for Editor in 52.78 ms, found 2 plugins.
Preloading 0 native plugins for Editor in 0.00 ms.
Mono: successfully reloaded assembly
- Completed reload, in  1.041 seconds
Platform modules already initialized, skipping
========================================================================
Worker process is ready to serve import requests
Shader 'Universal Render Pipeline/Particles/Lit': fallback shader 'Universal Render Pipeline/Particles/SimpleLit' not found
Shader 'Universal Render Pipeline/Particles/Lit': fallback shader 'Universal Render Pipeline/Particles/SimpleLit' not found
Launched and connected shader compiler UnityShaderCompiler.exe after 0.04 seconds
Refreshing native plugins compatible for Editor in 0.48 ms, found 2 plugins.
Preloading 0 native plugins for Editor in 0.00 ms.
Unloading 2825 Unused Serialized files (Serialized files now loaded: 0)
System memory in use before: 133.2 MB.
System memory in use after: 130.6 MB.

Unloading 51 unused Assets to reduce memory usage. Loaded Objects now: 3239.
Total: 3.872400 ms (FindLiveObjects: 0.363100 ms CreateObjectMapping: 0.142100 ms MarkObjects: 2.144900 ms  DeleteObjects: 1.221300 ms)

AssetImportParameters requested are different than current active one (requested -> active):
  custom:framework-win-MediaFoundation: 216162199b28c13a410421893ffa2e32 -> 
  custom:video-decoder-ogg-theora: a1e56fd34408186e4bbccfd4996cb3dc -> 
  custom:container-muxer-webm: aa71ff27fc2769a1b78a27578f13a17b -> 
  custom:container-demuxer-webm: 4f35f7cbe854078d1ac9338744f61a02 -> 
  custom:container-demuxer-ogg: 62fdf1f143b41e24485cea50d1cbac27 -> 
  custom:video-encoder-webm-vp8: eb34c28f22e8b96e1ab97ce403110664 -> 
  custom:video-codec-MediaFoundation-h265: 746d11721c4dcdbdad8f713fa42b33f4 -> 
  custom:video-decoder-webm-vp8: 9c59270c3fd7afecdb556c50c9e8de78 -> 
  custom:audio-decoder-ogg-vorbis: bf7c407c2cedff20999df2af8eb42d56 -> 
  custom:audio-encoder-webm-vorbis: bf7c407c2cedff20999df2af8eb42d56 -> 
========================================================================
Received Import Request.
  path: Assets/Custom/digsound2.wav
  artifactKey: Guid(3ba433fb5e77ecf4d918c6704caf28e9) Importer(815301076,1909f56bfc062723c751e8b465ee728b)
Start importing Assets/Custom/digsound2.wav using Guid(3ba433fb5e77ecf4d918c6704caf28e9) Importer(815301076,1909f56bfc062723c751e8b465ee728b)  -> (artifact id: '22769e09ecc1f2a4f52b6beef5be1a73') in 0.095176 seconds 
  Import took 0.099654 seconds .

========================================================================
Received Import Request.
  Time since last request: 21.385926 seconds.
  path: Assets/Custom/DigFunctionality.cs
  artifactKey: Guid(6f668de27ce59ec4d9c5cadd1537e700) Importer(815301076,1909f56bfc062723c751e8b465ee728b)
Start importing Assets/Custom/DigFunctionality.cs using Guid(6f668de27ce59ec4d9c5cadd1537e700) Importer(815301076,1909f56bfc062723c751e8b465ee728b)  -> (artifact id: 'f0af67d705a2b5a372caf67ca2f7ceab') in 0.009035 seconds 
  Import took 0.014089 seconds .

